running egg_info
creating ../../build/asl_vision/asl_vision.egg-info
writing ../../build/asl_vision/asl_vision.egg-info/PKG-INFO
writing dependency_links to ../../build/asl_vision/asl_vision.egg-info/dependency_links.txt
writing requirements to ../../build/asl_vision/asl_vision.egg-info/requires.txt
writing top-level names to ../../build/asl_vision/asl_vision.egg-info/top_level.txt
writing manifest file '../../build/asl_vision/asl_vision.egg-info/SOURCES.txt'
reading manifest file '../../build/asl_vision/asl_vision.egg-info/SOURCES.txt'
writing manifest file '../../build/asl_vision/asl_vision.egg-info/SOURCES.txt'
running build
running build_py
creating /home/alex/asla/build/asl_vision/build
creating /home/alex/asla/build/asl_vision/build/lib
creating /home/alex/asla/build/asl_vision/build/lib/asl_vision
copying asl_vision/__init__.py -> /home/alex/asla/build/asl_vision/build/lib/asl_vision
running install
running install_lib
creating /home/alex/asla/install/asl_vision/lib/python3.12/site-packages/asl_vision
copying /home/alex/asla/build/asl_vision/build/lib/asl_vision/__init__.py -> /home/alex/asla/install/asl_vision/lib/python3.12/site-packages/asl_vision
byte-compiling /home/alex/asla/install/asl_vision/lib/python3.12/site-packages/asl_vision/__init__.py to __init__.cpython-312.pyc
running install_data
creating /home/alex/asla/install/asl_vision/share/ament_index
creating /home/alex/asla/install/asl_vision/share/ament_index/resource_index
creating /home/alex/asla/install/asl_vision/share/ament_index/resource_index/packages
copying resource/asl_vision -> /home/alex/asla/install/asl_vision/share/ament_index/resource_index/packages
copying package.xml -> /home/alex/asla/install/asl_vision/share/asl_vision
running install_egg_info
Copying ../../build/asl_vision/asl_vision.egg-info to /home/alex/asla/install/asl_vision/lib/python3.12/site-packages/asl_vision-0.0.0-py3.12.egg-info
running install_scripts
writing list of installed files to '/home/alex/asla/build/asl_vision/install.log'
